C:\Dez\Work\Gamemaking\Visual Studio Projects\Control\Control\Debug\cl.command.1.tlog
C:\Dez\Work\Gamemaking\Visual Studio Projects\Control\Control\Debug\CL.read.1.tlog
C:\Dez\Work\Gamemaking\Visual Studio Projects\Control\Control\Debug\CL.write.1.tlog
C:\DEZ\WORK\GAMEMAKING\VISUAL STUDIO PROJECTS\CONTROL\CONTROL\DEBUG\CONTROL.EXE.EMBED.MANIFEST
C:\DEZ\WORK\GAMEMAKING\VISUAL STUDIO PROJECTS\CONTROL\CONTROL\DEBUG\CONTROL.EXE.EMBED.MANIFEST.RES
C:\DEZ\WORK\GAMEMAKING\VISUAL STUDIO PROJECTS\CONTROL\CONTROL\DEBUG\CONTROL.EXE.INTERMEDIATE.MANIFEST
C:\Dez\Work\Gamemaking\Visual Studio Projects\Control\Control\Debug\Control_manifest.rc
C:\Dez\Work\Gamemaking\Visual Studio Projects\Control\Control\Debug\link.2288.read.1.tlog
C:\Dez\Work\Gamemaking\Visual Studio Projects\Control\Control\Debug\link.2288.write.1.tlog
C:\Dez\Work\Gamemaking\Visual Studio Projects\Control\Control\Debug\link.2288-cvtres.read.1.tlog
C:\Dez\Work\Gamemaking\Visual Studio Projects\Control\Control\Debug\link.2288-cvtres.write.1.tlog
C:\Dez\Work\Gamemaking\Visual Studio Projects\Control\Control\Debug\link.command.1.tlog
C:\Dez\Work\Gamemaking\Visual Studio Projects\Control\Control\Debug\link.read.1.tlog
C:\Dez\Work\Gamemaking\Visual Studio Projects\Control\Control\Debug\link.write.1.tlog
C:\Dez\Work\Gamemaking\Visual Studio Projects\Control\Control\Debug\link-cvtres.read.1.tlog
C:\Dez\Work\Gamemaking\Visual Studio Projects\Control\Control\Debug\link-cvtres.write.1.tlog
C:\DEZ\WORK\GAMEMAKING\VISUAL STUDIO PROJECTS\CONTROL\CONTROL\DEBUG\MAIN.OBJ
C:\Dez\Work\Gamemaking\Visual Studio Projects\Control\Control\Debug\mt.command.1.tlog
C:\Dez\Work\Gamemaking\Visual Studio Projects\Control\Control\Debug\mt.read.1.tlog
C:\Dez\Work\Gamemaking\Visual Studio Projects\Control\Control\Debug\mt.write.1.tlog
C:\Dez\Work\Gamemaking\Visual Studio Projects\Control\Control\Debug\rc.command.1.tlog
C:\Dez\Work\Gamemaking\Visual Studio Projects\Control\Control\Debug\rc.read.1.tlog
C:\Dez\Work\Gamemaking\Visual Studio Projects\Control\Control\Debug\rc.write.1.tlog
C:\Dez\Work\Gamemaking\Visual Studio Projects\Control\Control\Debug\vc100.idb
C:\DEZ\WORK\GAMEMAKING\VISUAL STUDIO PROJECTS\CONTROL\CONTROL\DEBUG\VC100.PDB
C:\DEZ\WORK\GAMEMAKING\VISUAL STUDIO PROJECTS\CONTROL\DEBUG\CONTROL.EXE
C:\DEZ\WORK\GAMEMAKING\VISUAL STUDIO PROJECTS\CONTROL\DEBUG\CONTROL.ILK
C:\DEZ\WORK\GAMEMAKING\VISUAL STUDIO PROJECTS\CONTROL\DEBUG\CONTROL.PDB
